2019-11-13 20:35:18 [main] INFO  com.example.demo.DemoApplication - Starting DemoApplication on LAPTOP-FJSNGJKN with PID 19868 (C:\Users\1\IdeaProjects\demoyn\target\classes started by 1 in C:\Users\1\IdeaProjects\demoyn)
2019-11-13 20:35:18 [main] INFO  com.example.demo.DemoApplication - No active profile set, falling back to default profiles: default
2019-11-13 20:35:19 [main] INFO  o.s.d.r.c.RepositoryConfigurationDelegate - Bootstrapping Spring Data repositories in DEFAULT mode.
2019-11-13 20:35:19 [main] INFO  o.s.d.r.c.RepositoryConfigurationDelegate - Finished Spring Data repository scanning in 73ms. Found 5 repository interfaces.
2019-11-13 20:35:19 [main] INFO  o.s.c.s.PostProcessorRegistrationDelegate$BeanPostProcessorChecker - Bean 'org.springframework.transaction.annotation.ProxyTransactionManagementConfiguration' of type [org.springframework.transaction.annotation.ProxyTransactionManagementConfiguration] is not eligible for getting processed by all BeanPostProcessors (for example: not eligible for auto-proxying)
2019-11-13 20:35:20 [main] INFO  o.s.b.w.e.tomcat.TomcatWebServer - Tomcat initialized with port(s): 8080 (http)
2019-11-13 20:35:20 [main] INFO  o.a.catalina.core.StandardService - Starting service [Tomcat]
2019-11-13 20:35:20 [main] INFO  o.a.catalina.core.StandardEngine - Starting Servlet engine: [Apache Tomcat/9.0.27]
2019-11-13 20:35:20 [main] INFO  o.a.c.c.C.[Tomcat].[localhost].[/] - Initializing Spring embedded WebApplicationContext
2019-11-13 20:35:20 [main] INFO  o.s.web.context.ContextLoader - Root WebApplicationContext: initialization completed in 2049 ms
2019-11-13 20:35:21 [main] INFO  o.h.jpa.internal.util.LogHelper - HHH000204: Processing PersistenceUnitInfo [name: default]
2019-11-13 20:35:21 [main] INFO  org.hibernate.Version - HHH000412: Hibernate Core {5.4.6.Final}
2019-11-13 20:35:21 [main] INFO  o.h.annotations.common.Version - HCANN000001: Hibernate Commons Annotations {5.1.0.Final}
2019-11-13 20:35:21 [main] INFO  com.zaxxer.hikari.HikariDataSource - HikariPool-1 - Starting...
2019-11-13 20:35:21 [main] INFO  com.zaxxer.hikari.HikariDataSource - HikariPool-1 - Start completed.
2019-11-13 20:35:21 [main] INFO  org.hibernate.dialect.Dialect - HHH000400: Using dialect: org.hibernate.dialect.MySQL5Dialect
2019-11-13 20:35:22 [main] INFO  o.h.e.t.j.p.i.JtaPlatformInitiator - HHH000490: Using JtaPlatform implementation: [org.hibernate.engine.transaction.jta.platform.internal.NoJtaPlatform]
2019-11-13 20:35:22 [main] INFO  o.s.o.j.LocalContainerEntityManagerFactoryBean - Initialized JPA EntityManagerFactory for persistence unit 'default'
2019-11-13 20:35:23 [main] WARN  o.s.b.a.o.j.JpaBaseConfiguration$JpaWebConfiguration - spring.jpa.open-in-view is enabled by default. Therefore, database queries may be performed during view rendering. Explicitly configure spring.jpa.open-in-view to disable this warning
2019-11-13 20:35:23 [main] INFO  o.s.s.c.ThreadPoolTaskExecutor - Initializing ExecutorService 'applicationTaskExecutor'
2019-11-13 20:35:23 [main] INFO  o.s.b.a.w.s.WelcomePageHandlerMapping - Adding welcome page: class path resource [static/index.html]
2019-11-13 20:35:23 [main] INFO  o.s.s.web.DefaultSecurityFilterChain - Creating filter chain: any request, [org.springframework.security.web.context.request.async.WebAsyncManagerIntegrationFilter@342723a3, org.springframework.security.web.context.SecurityContextPersistenceFilter@534d0e20, org.springframework.security.web.header.HeaderWriterFilter@1d444652, org.springframework.security.web.authentication.logout.LogoutFilter@33a71d23, org.springframework.security.web.authentication.www.BasicAuthenticationFilter@35becbd4, org.springframework.security.web.savedrequest.RequestCacheAwareFilter@3f4a605f, org.springframework.security.web.servletapi.SecurityContextHolderAwareRequestFilter@566f4659, org.springframework.security.web.authentication.AnonymousAuthenticationFilter@f3876ef, org.springframework.security.web.session.SessionManagementFilter@4eb1943b, org.springframework.security.web.access.ExceptionTranslationFilter@5fb44964, org.springframework.security.web.access.intercept.FilterSecurityInterceptor@65d90b7f]
2019-11-13 20:35:24 [main] INFO  o.s.b.w.e.tomcat.TomcatWebServer - Tomcat started on port(s): 8080 (http) with context path ''
2019-11-13 20:35:24 [main] INFO  com.example.demo.DemoApplication - Started DemoApplication in 5.953 seconds (JVM running for 6.944)
2019-11-13 20:35:58 [http-nio-8080-exec-1] INFO  o.a.c.c.C.[Tomcat].[localhost].[/] - Initializing Spring DispatcherServlet 'dispatcherServlet'
2019-11-13 20:35:58 [http-nio-8080-exec-1] INFO  o.s.web.servlet.DispatcherServlet - Initializing Servlet 'dispatcherServlet'
2019-11-13 20:35:58 [http-nio-8080-exec-1] INFO  o.s.web.servlet.DispatcherServlet - Completed initialization in 10 ms
2019-11-13 20:40:22 [main] INFO  com.example.demo.DemoApplication - Starting DemoApplication on LAPTOP-FJSNGJKN with PID 18728 (C:\Users\1\IdeaProjects\demoyn\target\classes started by 1 in C:\Users\1\IdeaProjects\demoyn)
2019-11-13 20:40:22 [main] INFO  com.example.demo.DemoApplication - No active profile set, falling back to default profiles: default
2019-11-13 20:40:22 [main] INFO  o.s.d.r.c.RepositoryConfigurationDelegate - Bootstrapping Spring Data repositories in DEFAULT mode.
2019-11-13 20:40:22 [main] INFO  o.s.d.r.c.RepositoryConfigurationDelegate - Finished Spring Data repository scanning in 10ms. Found 0 repository interfaces.
2019-11-13 20:40:23 [main] INFO  o.s.c.s.PostProcessorRegistrationDelegate$BeanPostProcessorChecker - Bean 'org.springframework.transaction.annotation.ProxyTransactionManagementConfiguration' of type [org.springframework.transaction.annotation.ProxyTransactionManagementConfiguration] is not eligible for getting processed by all BeanPostProcessors (for example: not eligible for auto-proxying)
2019-11-13 20:40:23 [main] INFO  o.s.b.w.e.tomcat.TomcatWebServer - Tomcat initialized with port(s): 8080 (http)
2019-11-13 20:40:23 [main] INFO  o.a.catalina.core.StandardService - Starting service [Tomcat]
2019-11-13 20:40:23 [main] INFO  o.a.catalina.core.StandardEngine - Starting Servlet engine: [Apache Tomcat/9.0.27]
2019-11-13 20:40:23 [main] INFO  o.a.c.c.C.[Tomcat].[localhost].[/] - Initializing Spring embedded WebApplicationContext
2019-11-13 20:40:23 [main] INFO  o.s.web.context.ContextLoader - Root WebApplicationContext: initialization completed in 1550 ms
2019-11-13 20:40:23 [main] INFO  o.h.jpa.internal.util.LogHelper - HHH000204: Processing PersistenceUnitInfo [name: default]
2019-11-13 20:40:23 [main] INFO  org.hibernate.Version - HHH000412: Hibernate Core {5.4.6.Final}
2019-11-13 20:40:24 [main] INFO  o.h.annotations.common.Version - HCANN000001: Hibernate Commons Annotations {5.1.0.Final}
2019-11-13 20:40:24 [main] INFO  com.zaxxer.hikari.HikariDataSource - HikariPool-1 - Starting...
2019-11-13 20:40:24 [main] INFO  com.zaxxer.hikari.HikariDataSource - HikariPool-1 - Start completed.
2019-11-13 20:40:24 [main] INFO  org.hibernate.dialect.Dialect - HHH000400: Using dialect: org.hibernate.dialect.MySQL5Dialect
2019-11-13 20:40:24 [main] INFO  o.h.e.t.j.p.i.JtaPlatformInitiator - HHH000490: Using JtaPlatform implementation: [org.hibernate.engine.transaction.jta.platform.internal.NoJtaPlatform]
2019-11-13 20:40:24 [main] INFO  o.s.o.j.LocalContainerEntityManagerFactoryBean - Initialized JPA EntityManagerFactory for persistence unit 'default'
2019-11-13 20:40:24 [main] WARN  o.s.b.a.o.j.JpaBaseConfiguration$JpaWebConfiguration - spring.jpa.open-in-view is enabled by default. Therefore, database queries may be performed during view rendering. Explicitly configure spring.jpa.open-in-view to disable this warning
2019-11-13 20:40:24 [main] INFO  o.s.s.c.ThreadPoolTaskExecutor - Initializing ExecutorService 'applicationTaskExecutor'
2019-11-13 20:40:24 [main] INFO  o.s.b.a.w.s.WelcomePageHandlerMapping - Adding welcome page: class path resource [static/index.html]
2019-11-13 20:40:24 [main] INFO  o.s.b.a.s.s.UserDetailsServiceAutoConfiguration - 

Using generated security password: 6822b017-f956-482d-9708-2c31ef219ca1

2019-11-13 20:40:25 [main] INFO  o.s.s.web.DefaultSecurityFilterChain - Creating filter chain: any request, [org.springframework.security.web.context.request.async.WebAsyncManagerIntegrationFilter@40943a6, org.springframework.security.web.context.SecurityContextPersistenceFilter@1ac730cd, org.springframework.security.web.header.HeaderWriterFilter@52b959df, org.springframework.security.web.csrf.CsrfFilter@3ca14cf4, org.springframework.security.web.authentication.logout.LogoutFilter@738a5848, org.springframework.security.web.authentication.UsernamePasswordAuthenticationFilter@15d3793b, org.springframework.security.web.authentication.ui.DefaultLoginPageGeneratingFilter@38fb50f8, org.springframework.security.web.authentication.ui.DefaultLogoutPageGeneratingFilter@798cb6d9, org.springframework.security.web.authentication.www.BasicAuthenticationFilter@2199e845, org.springframework.security.web.savedrequest.RequestCacheAwareFilter@5aa62ee7, org.springframework.security.web.servletapi.SecurityContextHolderAwareRequestFilter@5c18d6d4, org.springframework.security.web.authentication.AnonymousAuthenticationFilter@42679fc2, org.springframework.security.web.session.SessionManagementFilter@553d2579, org.springframework.security.web.access.ExceptionTranslationFilter@6371cf2f, org.springframework.security.web.access.intercept.FilterSecurityInterceptor@644a3add]
2019-11-13 20:40:25 [main] INFO  o.s.b.w.e.tomcat.TomcatWebServer - Tomcat started on port(s): 8080 (http) with context path ''
2019-11-13 20:40:25 [main] INFO  com.example.demo.DemoApplication - Started DemoApplication in 3.373 seconds (JVM running for 3.792)
2019-11-13 20:40:39 [http-nio-8080-exec-1] INFO  o.a.c.c.C.[Tomcat].[localhost].[/] - Initializing Spring DispatcherServlet 'dispatcherServlet'
2019-11-13 20:40:39 [http-nio-8080-exec-1] INFO  o.s.web.servlet.DispatcherServlet - Initializing Servlet 'dispatcherServlet'
2019-11-13 20:40:39 [http-nio-8080-exec-1] INFO  o.s.web.servlet.DispatcherServlet - Completed initialization in 8 ms
2019-11-13 20:42:13 [main] INFO  com.example.demo.DemoApplication - Starting DemoApplication on LAPTOP-FJSNGJKN with PID 3336 (C:\Users\1\IdeaProjects\demoyn\target\classes started by 1 in C:\Users\1\IdeaProjects\demoyn)
2019-11-13 20:42:13 [main] INFO  com.example.demo.DemoApplication - No active profile set, falling back to default profiles: default
2019-11-13 20:42:13 [main] INFO  o.s.d.r.c.RepositoryConfigurationDelegate - Bootstrapping Spring Data repositories in DEFAULT mode.
2019-11-13 20:42:13 [main] INFO  o.s.d.r.c.RepositoryConfigurationDelegate - Finished Spring Data repository scanning in 54ms. Found 5 repository interfaces.
2019-11-13 20:42:14 [main] INFO  o.s.c.s.PostProcessorRegistrationDelegate$BeanPostProcessorChecker - Bean 'org.springframework.transaction.annotation.ProxyTransactionManagementConfiguration' of type [org.springframework.transaction.annotation.ProxyTransactionManagementConfiguration] is not eligible for getting processed by all BeanPostProcessors (for example: not eligible for auto-proxying)
2019-11-13 20:42:14 [main] INFO  o.s.b.w.e.tomcat.TomcatWebServer - Tomcat initialized with port(s): 8080 (http)
2019-11-13 20:42:14 [main] INFO  o.a.catalina.core.StandardService - Starting service [Tomcat]
2019-11-13 20:42:14 [main] INFO  o.a.catalina.core.StandardEngine - Starting Servlet engine: [Apache Tomcat/9.0.27]
2019-11-13 20:42:14 [main] INFO  o.a.c.c.C.[Tomcat].[localhost].[/] - Initializing Spring embedded WebApplicationContext
2019-11-13 20:42:14 [main] INFO  o.s.web.context.ContextLoader - Root WebApplicationContext: initialization completed in 1662 ms
2019-11-13 20:42:15 [main] INFO  o.h.jpa.internal.util.LogHelper - HHH000204: Processing PersistenceUnitInfo [name: default]
2019-11-13 20:42:15 [main] INFO  org.hibernate.Version - HHH000412: Hibernate Core {5.4.6.Final}
2019-11-13 20:42:15 [main] INFO  o.h.annotations.common.Version - HCANN000001: Hibernate Commons Annotations {5.1.0.Final}
2019-11-13 20:42:15 [main] INFO  com.zaxxer.hikari.HikariDataSource - HikariPool-1 - Starting...
2019-11-13 20:42:15 [main] INFO  com.zaxxer.hikari.HikariDataSource - HikariPool-1 - Start completed.
2019-11-13 20:42:15 [main] INFO  org.hibernate.dialect.Dialect - HHH000400: Using dialect: org.hibernate.dialect.MySQL5Dialect
2019-11-13 20:42:16 [main] INFO  o.h.e.t.j.p.i.JtaPlatformInitiator - HHH000490: Using JtaPlatform implementation: [org.hibernate.engine.transaction.jta.platform.internal.NoJtaPlatform]
2019-11-13 20:42:16 [main] INFO  o.s.o.j.LocalContainerEntityManagerFactoryBean - Initialized JPA EntityManagerFactory for persistence unit 'default'
2019-11-13 20:42:16 [main] WARN  o.s.b.a.o.j.JpaBaseConfiguration$JpaWebConfiguration - spring.jpa.open-in-view is enabled by default. Therefore, database queries may be performed during view rendering. Explicitly configure spring.jpa.open-in-view to disable this warning
2019-11-13 20:42:17 [main] INFO  o.s.s.c.ThreadPoolTaskExecutor - Initializing ExecutorService 'applicationTaskExecutor'
2019-11-13 20:42:17 [main] INFO  o.s.b.a.w.s.WelcomePageHandlerMapping - Adding welcome page: class path resource [static/index.html]
2019-11-13 20:42:17 [main] INFO  o.s.s.web.DefaultSecurityFilterChain - Creating filter chain: any request, [org.springframework.security.web.context.request.async.WebAsyncManagerIntegrationFilter@7a3c99f1, org.springframework.security.web.context.SecurityContextPersistenceFilter@cf9bd1e, org.springframework.security.web.header.HeaderWriterFilter@1aaf46e6, org.springframework.security.web.authentication.logout.LogoutFilter@4b360972, org.springframework.security.web.authentication.www.BasicAuthenticationFilter@70ee9d31, org.springframework.security.web.savedrequest.RequestCacheAwareFilter@51813065, org.springframework.security.web.servletapi.SecurityContextHolderAwareRequestFilter@3a72e2e8, org.springframework.security.web.authentication.AnonymousAuthenticationFilter@16b7e04a, org.springframework.security.web.session.SessionManagementFilter@5ddb302, org.springframework.security.web.access.ExceptionTranslationFilter@459bf87c, org.springframework.security.web.access.intercept.FilterSecurityInterceptor@77856cc5]
2019-11-13 20:42:17 [main] INFO  o.s.b.w.e.tomcat.TomcatWebServer - Tomcat started on port(s): 8080 (http) with context path ''
2019-11-13 20:42:17 [main] INFO  com.example.demo.DemoApplication - Started DemoApplication in 4.839 seconds (JVM running for 5.244)
2019-11-13 20:42:21 [http-nio-8080-exec-1] INFO  o.a.c.c.C.[Tomcat].[localhost].[/] - Initializing Spring DispatcherServlet 'dispatcherServlet'
2019-11-13 20:42:21 [http-nio-8080-exec-1] INFO  o.s.web.servlet.DispatcherServlet - Initializing Servlet 'dispatcherServlet'
2019-11-13 20:42:21 [http-nio-8080-exec-1] INFO  o.s.web.servlet.DispatcherServlet - Completed initialization in 9 ms
